<?xml version="1.0" encoding="UTF-8"?>
<!-- Generated by org.testng.reporters.JUnitXMLReporter -->
<testsuite hostname="RS" ignored="0" name="Default test" tests="5" failures="0" timestamp="13 May 2020 10:37:39 GMT" time="0.063" errors="0">
  <testcase name="B" time="0.012" classname="com.TestTestNG"/>
  <testcase name="m2" time="0.002" classname="com.TestTestNG"/>
  <testcase name="m3" time="0.002" classname="com.TestTestNG"/>
  <testcase name="z" time="0.003" classname="com.TestTestNG"/>
  <testcase name="A" time="0.001" classname="com.TestTestNG"/>
</testsuite> <!-- Default test -->
