<?xml version="1.0" encoding="UTF-8"?>
<testng-results skipped="0" failed="0" ignored="0" total="5" passed="5">
  <reporter-output>
  </reporter-output>
  <suite name="Default suite" duration-ms="63" started-at="2020-05-13T10:37:39Z" finished-at="2020-05-13T10:37:39Z">
    <groups>
    </groups>
    <test name="Default test" duration-ms="63" started-at="2020-05-13T10:37:39Z" finished-at="2020-05-13T10:37:39Z">
      <class name="com.TestTestNG">
        <test-method status="PASS" signature="B()[pri:0, instance:com.TestTestNG@1f57539]" name="B" duration-ms="12" started-at="2020-05-13T10:37:39Z" finished-at="2020-05-13T10:37:39Z">
          <reporter-output>
          </reporter-output>
        </test-method> <!-- B -->
        <test-method status="PASS" signature="m2()[pri:0, instance:com.TestTestNG@1f57539]" name="m2" duration-ms="2" started-at="2020-05-13T10:37:39Z" finished-at="2020-05-13T10:37:39Z">
          <reporter-output>
          </reporter-output>
        </test-method> <!-- m2 -->
        <test-method status="PASS" signature="m3()[pri:0, instance:com.TestTestNG@1f57539]" name="m3" duration-ms="2" started-at="2020-05-13T10:37:39Z" finished-at="2020-05-13T10:37:39Z">
          <reporter-output>
          </reporter-output>
        </test-method> <!-- m3 -->
        <test-method status="PASS" signature="z()[pri:0, instance:com.TestTestNG@1f57539]" name="z" duration-ms="3" started-at="2020-05-13T10:37:39Z" finished-at="2020-05-13T10:37:39Z">
          <reporter-output>
          </reporter-output>
        </test-method> <!-- z -->
        <test-method status="PASS" signature="A()[pri:1, instance:com.TestTestNG@1f57539]" name="A" duration-ms="1" started-at="2020-05-13T10:37:39Z" finished-at="2020-05-13T10:37:39Z">
          <reporter-output>
          </reporter-output>
        </test-method> <!-- A -->
      </class> <!-- com.TestTestNG -->
    </test> <!-- Default test -->
  </suite> <!-- Default suite -->
</testng-results>
